2025-06-08T10:56:38.465+05:30  INFO 18688 --- [Employee_Information_Application] [restartedMain] c.company.employee.EmployeeApplication   : Starting EmployeeApplication using Java 17 with PID 18688 (C:\Users\emajsab\Java Codes\Employee_Details_Operations_Application\employees\target\classes started by emajsab in C:\Users\emajsab\Java Codes\Company Data Application)
2025-06-08T10:56:38.469+05:30 DEBUG 18688 --- [Employee_Information_Application] [restartedMain] c.company.employee.EmployeeApplication   : Running with Spring Boot v3.5.0, Spring v6.2.7
2025-06-08T10:56:38.471+05:30  INFO 18688 --- [Employee_Information_Application] [restartedMain] c.company.employee.EmployeeApplication   : No active profile set, falling back to 1 default profile: "default"
2025-06-08T10:56:38.558+05:30  INFO 18688 --- [Employee_Information_Application] [restartedMain] .e.DevToolsPropertyDefaultsPostProcessor : Devtools property defaults active! Set 'spring.devtools.add-properties' to 'false' to disable
2025-06-08T10:56:38.559+05:30  INFO 18688 --- [Employee_Information_Application] [restartedMain] .e.DevToolsPropertyDefaultsPostProcessor : For additional web related logging consider setting the 'logging.level.web' property to 'DEBUG'
2025-06-08T10:56:39.643+05:30  INFO 18688 --- [Employee_Information_Application] [restartedMain] .s.d.r.c.RepositoryConfigurationDelegate : Bootstrapping Spring Data JPA repositories in DEFAULT mode.
2025-06-08T10:56:39.742+05:30  INFO 18688 --- [Employee_Information_Application] [restartedMain] .s.d.r.c.RepositoryConfigurationDelegate : Finished Spring Data repository scanning in 87 ms. Found 1 JPA repository interface.
2025-06-08T10:56:40.747+05:30  INFO 18688 --- [Employee_Information_Application] [restartedMain] o.s.b.w.embedded.tomcat.TomcatWebServer  : Tomcat initialized with port 8081 (http)
2025-06-08T10:56:40.761+05:30  INFO 18688 --- [Employee_Information_Application] [restartedMain] o.apache.catalina.core.StandardService   : Starting service [Tomcat]
2025-06-08T10:56:40.763+05:30  INFO 18688 --- [Employee_Information_Application] [restartedMain] o.apache.catalina.core.StandardEngine    : Starting Servlet engine: [Apache Tomcat/10.1.41]
2025-06-08T10:56:40.821+05:30  INFO 18688 --- [Employee_Information_Application] [restartedMain] o.a.c.c.C.[Tomcat].[localhost].[/]       : Initializing Spring embedded WebApplicationContext
2025-06-08T10:56:40.822+05:30  INFO 18688 --- [Employee_Information_Application] [restartedMain] w.s.c.ServletWebServerApplicationContext : Root WebApplicationContext: initialization completed in 2261 ms
2025-06-08T10:56:41.080+05:30  INFO 18688 --- [Employee_Information_Application] [restartedMain] o.hibernate.jpa.internal.util.LogHelper  : HHH000204: Processing PersistenceUnitInfo [name: default]
2025-06-08T10:56:41.166+05:30  INFO 18688 --- [Employee_Information_Application] [restartedMain] org.hibernate.Version                    : HHH000412: Hibernate ORM core version 6.6.15.Final
2025-06-08T10:56:41.214+05:30  INFO 18688 --- [Employee_Information_Application] [restartedMain] o.h.c.internal.RegionFactoryInitiator    : HHH000026: Second-level cache disabled
2025-06-08T10:56:41.617+05:30  INFO 18688 --- [Employee_Information_Application] [restartedMain] o.s.o.j.p.SpringPersistenceUnitInfo      : No LoadTimeWeaver setup: ignoring JPA class transformer
2025-06-08T10:56:41.656+05:30  INFO 18688 --- [Employee_Information_Application] [restartedMain] com.zaxxer.hikari.HikariDataSource       : HikariPool-1 - Starting...
2025-06-08T10:56:42.032+05:30  INFO 18688 --- [Employee_Information_Application] [restartedMain] com.zaxxer.hikari.pool.HikariPool        : HikariPool-1 - Added connection com.mysql.cj.jdbc.ConnectionImpl@6ab61820
2025-06-08T10:56:42.034+05:30  INFO 18688 --- [Employee_Information_Application] [restartedMain] com.zaxxer.hikari.HikariDataSource       : HikariPool-1 - Start completed.
2025-06-08T10:56:42.125+05:30  INFO 18688 --- [Employee_Information_Application] [restartedMain] org.hibernate.orm.connections.pooling    : HHH10001005: Database info:
	Database JDBC URL [Connecting through datasource 'HikariDataSource (HikariPool-1)']
	Database driver: undefined/unknown
	Database version: 9.3
	Autocommit mode: undefined/unknown
	Isolation level: undefined/unknown
	Minimum pool size: undefined/unknown
	Maximum pool size: undefined/unknown
2025-06-08T10:56:43.190+05:30  INFO 18688 --- [Employee_Information_Application] [restartedMain] o.h.e.t.j.p.i.JtaPlatformInitiator       : HHH000489: No JTA platform available (set 'hibernate.transaction.jta.platform' to enable JTA platform integration)
2025-06-08T10:56:43.250+05:30  INFO 18688 --- [Employee_Information_Application] [restartedMain] j.LocalContainerEntityManagerFactoryBean : Initialized JPA EntityManagerFactory for persistence unit 'default'
2025-06-08T10:56:43.626+05:30  WARN 18688 --- [Employee_Information_Application] [restartedMain] JpaBaseConfiguration$JpaWebConfiguration : spring.jpa.open-in-view is enabled by default. Therefore, database queries may be performed during view rendering. Explicitly configure spring.jpa.open-in-view to disable this warning
2025-06-08T10:56:44.096+05:30  INFO 18688 --- [Employee_Information_Application] [restartedMain] o.s.b.d.a.OptionalLiveReloadServer       : LiveReload server is running on port 35729
2025-06-08T10:56:44.149+05:30  INFO 18688 --- [Employee_Information_Application] [restartedMain] o.s.b.w.embedded.tomcat.TomcatWebServer  : Tomcat started on port 8081 (http) with context path '/'
2025-06-08T10:56:44.161+05:30  INFO 18688 --- [Employee_Information_Application] [restartedMain] c.company.employee.EmployeeApplication   : Started EmployeeApplication in 6.488 seconds (process running for 7.313)
2025-06-08T10:57:04.269+05:30  INFO 18688 --- [Employee_Information_Application] [http-nio-8081-exec-1] o.a.c.c.C.[Tomcat].[localhost].[/]       : Initializing Spring DispatcherServlet 'dispatcherServlet'
2025-06-08T10:57:04.269+05:30  INFO 18688 --- [Employee_Information_Application] [http-nio-8081-exec-1] o.s.web.servlet.DispatcherServlet        : Initializing Servlet 'dispatcherServlet'
2025-06-08T10:57:04.286+05:30  INFO 18688 --- [Employee_Information_Application] [http-nio-8081-exec-1] o.s.web.servlet.DispatcherServlet        : Completed initialization in 17 ms
2025-06-08T10:57:05.270+05:30 DEBUG 18688 --- [Employee_Information_Application] [http-nio-8081-exec-1] org.hibernate.SQL                        : 
    select
        count(*) 
    from
        employees ee1_0 
    where
        ee1_0.EmployeeID=?
2025-06-08T10:57:05.305+05:30 DEBUG 18688 --- [Employee_Information_Application] [http-nio-8081-exec-1] c.c.e.Services.EmployeeServiceImpl       : Attempting to add employeeId 130 
2025-06-08T10:57:05.337+05:30 DEBUG 18688 --- [Employee_Information_Application] [http-nio-8081-exec-1] org.hibernate.SQL                        : 
    select
        ee1_0.EmployeeID,
        ee1_0.DateOfBirth,
        ee1_0.Designation,
        ee1_0.FirstName,
        ee1_0.Gender,
        ee1_0.HireDate,
        ee1_0.JobStage,
        ee1_0.LastName,
        ee1_0.ManagerEmployeeID,
        ee1_0.Salary 
    from
        employees ee1_0 
    where
        ee1_0.EmployeeID=?
2025-06-08T10:57:05.369+05:30 DEBUG 18688 --- [Employee_Information_Application] [http-nio-8081-exec-1] c.c.e.Services.EmployeeServiceImpl       : Added employeeId 130 successfully
2025-06-08T10:57:05.395+05:30 DEBUG 18688 --- [Employee_Information_Application] [http-nio-8081-exec-1] org.hibernate.SQL                        : 
    insert 
    into
        employees
        (DateOfBirth, Designation, FirstName, Gender, HireDate, JobStage, LastName, ManagerEmployeeID, Salary, EmployeeID) 
    values
        (?, ?, ?, ?, ?, ?, ?, ?, ?, ?)
2025-06-08T11:01:55.796+05:30  INFO 18688 --- [Employee_Information_Application] [SpringApplicationShutdownHook] o.s.b.w.e.tomcat.GracefulShutdown        : Commencing graceful shutdown. Waiting for active requests to complete
2025-06-08T11:01:56.369+05:30  INFO 18688 --- [Employee_Information_Application] [tomcat-shutdown] o.s.b.w.e.tomcat.GracefulShutdown        : Graceful shutdown complete
2025-06-08T11:01:56.375+05:30  INFO 18688 --- [Employee_Information_Application] [SpringApplicationShutdownHook] j.LocalContainerEntityManagerFactoryBean : Closing JPA EntityManagerFactory for persistence unit 'default'
2025-06-08T11:01:56.379+05:30  INFO 18688 --- [Employee_Information_Application] [SpringApplicationShutdownHook] com.zaxxer.hikari.HikariDataSource       : HikariPool-1 - Shutdown initiated...
2025-06-08T11:01:56.394+05:30  INFO 18688 --- [Employee_Information_Application] [SpringApplicationShutdownHook] com.zaxxer.hikari.HikariDataSource       : HikariPool-1 - Shutdown completed.
2025-06-08T11:02:01.605+05:30  INFO 12264 --- [Employee_Information_Application] [restartedMain] c.company.employee.EmployeeApplication   : Starting EmployeeApplication using Java 17 with PID 12264 (C:\Users\emajsab\Java Codes\Employee_Details_Operations_Application\employees\target\classes started by emajsab in C:\Users\emajsab\Java Codes\Company Data Application)
2025-06-08T11:02:01.608+05:30 DEBUG 12264 --- [Employee_Information_Application] [restartedMain] c.company.employee.EmployeeApplication   : Running with Spring Boot v3.5.0, Spring v6.2.7
2025-06-08T11:02:01.609+05:30  INFO 12264 --- [Employee_Information_Application] [restartedMain] c.company.employee.EmployeeApplication   : No active profile set, falling back to 1 default profile: "default"
2025-06-08T11:02:01.696+05:30  INFO 12264 --- [Employee_Information_Application] [restartedMain] .e.DevToolsPropertyDefaultsPostProcessor : Devtools property defaults active! Set 'spring.devtools.add-properties' to 'false' to disable
2025-06-08T11:02:01.697+05:30  INFO 12264 --- [Employee_Information_Application] [restartedMain] .e.DevToolsPropertyDefaultsPostProcessor : For additional web related logging consider setting the 'logging.level.web' property to 'DEBUG'
2025-06-08T11:02:02.780+05:30  INFO 12264 --- [Employee_Information_Application] [restartedMain] .s.d.r.c.RepositoryConfigurationDelegate : Bootstrapping Spring Data JPA repositories in DEFAULT mode.
2025-06-08T11:02:02.874+05:30  INFO 12264 --- [Employee_Information_Application] [restartedMain] .s.d.r.c.RepositoryConfigurationDelegate : Finished Spring Data repository scanning in 80 ms. Found 1 JPA repository interface.
2025-06-08T11:02:03.780+05:30  INFO 12264 --- [Employee_Information_Application] [restartedMain] o.s.b.w.embedded.tomcat.TomcatWebServer  : Tomcat initialized with port 8081 (http)
2025-06-08T11:02:03.795+05:30  INFO 12264 --- [Employee_Information_Application] [restartedMain] o.apache.catalina.core.StandardService   : Starting service [Tomcat]
2025-06-08T11:02:03.795+05:30  INFO 12264 --- [Employee_Information_Application] [restartedMain] o.apache.catalina.core.StandardEngine    : Starting Servlet engine: [Apache Tomcat/10.1.41]
2025-06-08T11:02:03.853+05:30  INFO 12264 --- [Employee_Information_Application] [restartedMain] o.a.c.c.C.[Tomcat].[localhost].[/]       : Initializing Spring embedded WebApplicationContext
2025-06-08T11:02:03.854+05:30  INFO 12264 --- [Employee_Information_Application] [restartedMain] w.s.c.ServletWebServerApplicationContext : Root WebApplicationContext: initialization completed in 2155 ms
2025-06-08T11:02:04.101+05:30  INFO 12264 --- [Employee_Information_Application] [restartedMain] o.hibernate.jpa.internal.util.LogHelper  : HHH000204: Processing PersistenceUnitInfo [name: default]
2025-06-08T11:02:04.163+05:30  INFO 12264 --- [Employee_Information_Application] [restartedMain] org.hibernate.Version                    : HHH000412: Hibernate ORM core version 6.6.15.Final
2025-06-08T11:02:04.212+05:30  INFO 12264 --- [Employee_Information_Application] [restartedMain] o.h.c.internal.RegionFactoryInitiator    : HHH000026: Second-level cache disabled
2025-06-08T11:02:04.579+05:30  INFO 12264 --- [Employee_Information_Application] [restartedMain] o.s.o.j.p.SpringPersistenceUnitInfo      : No LoadTimeWeaver setup: ignoring JPA class transformer
2025-06-08T11:02:04.632+05:30  INFO 12264 --- [Employee_Information_Application] [restartedMain] com.zaxxer.hikari.HikariDataSource       : HikariPool-1 - Starting...
2025-06-08T11:02:05.047+05:30  INFO 12264 --- [Employee_Information_Application] [restartedMain] com.zaxxer.hikari.pool.HikariPool        : HikariPool-1 - Added connection com.mysql.cj.jdbc.ConnectionImpl@2e707898
2025-06-08T11:02:05.049+05:30  INFO 12264 --- [Employee_Information_Application] [restartedMain] com.zaxxer.hikari.HikariDataSource       : HikariPool-1 - Start completed.
2025-06-08T11:02:05.140+05:30  INFO 12264 --- [Employee_Information_Application] [restartedMain] org.hibernate.orm.connections.pooling    : HHH10001005: Database info:
	Database JDBC URL [Connecting through datasource 'HikariDataSource (HikariPool-1)']
	Database driver: undefined/unknown
	Database version: 9.3
	Autocommit mode: undefined/unknown
	Isolation level: undefined/unknown
	Minimum pool size: undefined/unknown
	Maximum pool size: undefined/unknown
2025-06-08T11:02:06.197+05:30  INFO 12264 --- [Employee_Information_Application] [restartedMain] o.h.e.t.j.p.i.JtaPlatformInitiator       : HHH000489: No JTA platform available (set 'hibernate.transaction.jta.platform' to enable JTA platform integration)
2025-06-08T11:02:06.257+05:30  INFO 12264 --- [Employee_Information_Application] [restartedMain] j.LocalContainerEntityManagerFactoryBean : Initialized JPA EntityManagerFactory for persistence unit 'default'
2025-06-08T11:02:06.657+05:30  WARN 12264 --- [Employee_Information_Application] [restartedMain] JpaBaseConfiguration$JpaWebConfiguration : spring.jpa.open-in-view is enabled by default. Therefore, database queries may be performed during view rendering. Explicitly configure spring.jpa.open-in-view to disable this warning
2025-06-08T11:02:07.163+05:30  INFO 12264 --- [Employee_Information_Application] [restartedMain] o.s.b.d.a.OptionalLiveReloadServer       : LiveReload server is running on port 35729
2025-06-08T11:02:07.218+05:30  INFO 12264 --- [Employee_Information_Application] [restartedMain] o.s.b.w.embedded.tomcat.TomcatWebServer  : Tomcat started on port 8081 (http) with context path '/'
2025-06-08T11:02:07.231+05:30  INFO 12264 --- [Employee_Information_Application] [restartedMain] c.company.employee.EmployeeApplication   : Started EmployeeApplication in 6.424 seconds (process running for 7.232)
2025-06-08T11:02:39.686+05:30  INFO 12264 --- [Employee_Information_Application] [http-nio-8081-exec-1] o.a.c.c.C.[Tomcat].[localhost].[/]       : Initializing Spring DispatcherServlet 'dispatcherServlet'
2025-06-08T11:02:39.686+05:30  INFO 12264 --- [Employee_Information_Application] [http-nio-8081-exec-1] o.s.web.servlet.DispatcherServlet        : Initializing Servlet 'dispatcherServlet'
2025-06-08T11:02:39.702+05:30  INFO 12264 --- [Employee_Information_Application] [http-nio-8081-exec-1] o.s.web.servlet.DispatcherServlet        : Completed initialization in 16 ms
2025-06-08T11:02:39.736+05:30  INFO 12264 --- [Employee_Information_Application] [http-nio-8081-exec-1] c.c.e.C.EmployeeOperationsController     : *********************New Request Started********************
2025-06-08T11:02:39.736+05:30  INFO 12264 --- [Employee_Information_Application] [http-nio-8081-exec-1] c.c.e.C.EmployeeOperationsController     : Testing EmployeeOperationsController to Postman connection.
2025-06-08T11:03:33.424+05:30  INFO 12264 --- [Employee_Information_Application] [SpringApplicationShutdownHook] o.s.b.w.e.tomcat.GracefulShutdown        : Commencing graceful shutdown. Waiting for active requests to complete
2025-06-08T11:03:34.039+05:30  INFO 12264 --- [Employee_Information_Application] [tomcat-shutdown] o.s.b.w.e.tomcat.GracefulShutdown        : Graceful shutdown complete
2025-06-08T11:03:34.044+05:30  INFO 12264 --- [Employee_Information_Application] [SpringApplicationShutdownHook] j.LocalContainerEntityManagerFactoryBean : Closing JPA EntityManagerFactory for persistence unit 'default'
2025-06-08T11:03:34.049+05:30  INFO 12264 --- [Employee_Information_Application] [SpringApplicationShutdownHook] com.zaxxer.hikari.HikariDataSource       : HikariPool-1 - Shutdown initiated...
2025-06-08T11:03:34.061+05:30  INFO 12264 --- [Employee_Information_Application] [SpringApplicationShutdownHook] com.zaxxer.hikari.HikariDataSource       : HikariPool-1 - Shutdown completed.
2025-06-08T11:03:39.537+05:30  INFO 25788 --- [Employee_Information_Application] [restartedMain] c.company.employee.EmployeeApplication   : Starting EmployeeApplication using Java 17 with PID 25788 (C:\Users\emajsab\Java Codes\Employee_Details_Operations_Application\employees\target\classes started by emajsab in C:\Users\emajsab\Java Codes\Company Data Application)
2025-06-08T11:03:39.541+05:30 DEBUG 25788 --- [Employee_Information_Application] [restartedMain] c.company.employee.EmployeeApplication   : Running with Spring Boot v3.5.0, Spring v6.2.7
2025-06-08T11:03:39.543+05:30  INFO 25788 --- [Employee_Information_Application] [restartedMain] c.company.employee.EmployeeApplication   : No active profile set, falling back to 1 default profile: "default"
2025-06-08T11:03:39.632+05:30  INFO 25788 --- [Employee_Information_Application] [restartedMain] .e.DevToolsPropertyDefaultsPostProcessor : Devtools property defaults active! Set 'spring.devtools.add-properties' to 'false' to disable
2025-06-08T11:03:39.632+05:30  INFO 25788 --- [Employee_Information_Application] [restartedMain] .e.DevToolsPropertyDefaultsPostProcessor : For additional web related logging consider setting the 'logging.level.web' property to 'DEBUG'
2025-06-08T11:03:40.795+05:30  INFO 25788 --- [Employee_Information_Application] [restartedMain] .s.d.r.c.RepositoryConfigurationDelegate : Bootstrapping Spring Data JPA repositories in DEFAULT mode.
2025-06-08T11:03:40.892+05:30  INFO 25788 --- [Employee_Information_Application] [restartedMain] .s.d.r.c.RepositoryConfigurationDelegate : Finished Spring Data repository scanning in 80 ms. Found 1 JPA repository interface.
2025-06-08T11:03:41.909+05:30  INFO 25788 --- [Employee_Information_Application] [restartedMain] o.s.b.w.embedded.tomcat.TomcatWebServer  : Tomcat initialized with port 8081 (http)
2025-06-08T11:03:41.927+05:30  INFO 25788 --- [Employee_Information_Application] [restartedMain] o.apache.catalina.core.StandardService   : Starting service [Tomcat]
2025-06-08T11:03:41.927+05:30  INFO 25788 --- [Employee_Information_Application] [restartedMain] o.apache.catalina.core.StandardEngine    : Starting Servlet engine: [Apache Tomcat/10.1.41]
2025-06-08T11:03:41.983+05:30  INFO 25788 --- [Employee_Information_Application] [restartedMain] o.a.c.c.C.[Tomcat].[localhost].[/]       : Initializing Spring embedded WebApplicationContext
2025-06-08T11:03:41.983+05:30  INFO 25788 --- [Employee_Information_Application] [restartedMain] w.s.c.ServletWebServerApplicationContext : Root WebApplicationContext: initialization completed in 2349 ms
2025-06-08T11:03:42.242+05:30  INFO 25788 --- [Employee_Information_Application] [restartedMain] o.hibernate.jpa.internal.util.LogHelper  : HHH000204: Processing PersistenceUnitInfo [name: default]
2025-06-08T11:03:42.305+05:30  INFO 25788 --- [Employee_Information_Application] [restartedMain] org.hibernate.Version                    : HHH000412: Hibernate ORM core version 6.6.15.Final
2025-06-08T11:03:42.346+05:30  INFO 25788 --- [Employee_Information_Application] [restartedMain] o.h.c.internal.RegionFactoryInitiator    : HHH000026: Second-level cache disabled
2025-06-08T11:03:42.732+05:30  INFO 25788 --- [Employee_Information_Application] [restartedMain] o.s.o.j.p.SpringPersistenceUnitInfo      : No LoadTimeWeaver setup: ignoring JPA class transformer
2025-06-08T11:03:42.771+05:30  INFO 25788 --- [Employee_Information_Application] [restartedMain] com.zaxxer.hikari.HikariDataSource       : HikariPool-1 - Starting...
2025-06-08T11:03:43.169+05:30  INFO 25788 --- [Employee_Information_Application] [restartedMain] com.zaxxer.hikari.pool.HikariPool        : HikariPool-1 - Added connection com.mysql.cj.jdbc.ConnectionImpl@30a31790
2025-06-08T11:03:43.173+05:30  INFO 25788 --- [Employee_Information_Application] [restartedMain] com.zaxxer.hikari.HikariDataSource       : HikariPool-1 - Start completed.
2025-06-08T11:03:43.311+05:30  INFO 25788 --- [Employee_Information_Application] [restartedMain] org.hibernate.orm.connections.pooling    : HHH10001005: Database info:
	Database JDBC URL [Connecting through datasource 'HikariDataSource (HikariPool-1)']
	Database driver: undefined/unknown
	Database version: 9.3
	Autocommit mode: undefined/unknown
	Isolation level: undefined/unknown
	Minimum pool size: undefined/unknown
	Maximum pool size: undefined/unknown
2025-06-08T11:03:44.471+05:30  INFO 25788 --- [Employee_Information_Application] [restartedMain] o.h.e.t.j.p.i.JtaPlatformInitiator       : HHH000489: No JTA platform available (set 'hibernate.transaction.jta.platform' to enable JTA platform integration)
2025-06-08T11:03:44.537+05:30  INFO 25788 --- [Employee_Information_Application] [restartedMain] j.LocalContainerEntityManagerFactoryBean : Initialized JPA EntityManagerFactory for persistence unit 'default'
2025-06-08T11:03:44.909+05:30  WARN 25788 --- [Employee_Information_Application] [restartedMain] JpaBaseConfiguration$JpaWebConfiguration : spring.jpa.open-in-view is enabled by default. Therefore, database queries may be performed during view rendering. Explicitly configure spring.jpa.open-in-view to disable this warning
2025-06-08T11:03:45.475+05:30  INFO 25788 --- [Employee_Information_Application] [restartedMain] o.s.b.d.a.OptionalLiveReloadServer       : LiveReload server is running on port 35729
2025-06-08T11:03:45.540+05:30  INFO 25788 --- [Employee_Information_Application] [restartedMain] o.s.b.w.embedded.tomcat.TomcatWebServer  : Tomcat started on port 8081 (http) with context path '/'
2025-06-08T11:03:45.555+05:30  INFO 25788 --- [Employee_Information_Application] [restartedMain] c.company.employee.EmployeeApplication   : Started EmployeeApplication in 6.836 seconds (process running for 7.744)
2025-06-08T11:04:30.966+05:30  INFO 25788 --- [Employee_Information_Application] [http-nio-8081-exec-2] o.a.c.c.C.[Tomcat].[localhost].[/]       : Initializing Spring DispatcherServlet 'dispatcherServlet'
2025-06-08T11:04:30.967+05:30  INFO 25788 --- [Employee_Information_Application] [http-nio-8081-exec-2] o.s.web.servlet.DispatcherServlet        : Initializing Servlet 'dispatcherServlet'
2025-06-08T11:04:30.968+05:30  INFO 25788 --- [Employee_Information_Application] [http-nio-8081-exec-2] o.s.web.servlet.DispatcherServlet        : Completed initialization in 1 ms
2025-06-08T11:04:31.017+05:30  INFO 25788 --- [Employee_Information_Application] [http-nio-8081-exec-2] c.c.e.C.EmployeeOperationsController     : 

		*********************New Request Started********************


2025-06-08T11:04:31.017+05:30  INFO 25788 --- [Employee_Information_Application] [http-nio-8081-exec-2] c.c.e.C.EmployeeOperationsController     : Testing EmployeeOperationsController to Postman connection.
2025-06-08T11:04:34.680+05:30  INFO 25788 --- [Employee_Information_Application] [http-nio-8081-exec-3] c.c.e.C.EmployeeOperationsController     : 

		*********************New Request Started********************


2025-06-08T11:04:34.680+05:30  INFO 25788 --- [Employee_Information_Application] [http-nio-8081-exec-3] c.c.e.C.EmployeeOperationsController     : Testing EmployeeOperationsController to employee database connection.
2025-06-08T11:04:34.680+05:30  INFO 25788 --- [Employee_Information_Application] [http-nio-8081-exec-3] c.c.e.C.EmployeeOperationsController     : Testing successful . Database connection is present.
2025-06-08T11:31:46.913+05:30  INFO 25788 --- [Employee_Information_Application] [SpringApplicationShutdownHook] o.s.b.w.e.tomcat.GracefulShutdown        : Commencing graceful shutdown. Waiting for active requests to complete
2025-06-08T11:31:47.587+05:30  INFO 25788 --- [Employee_Information_Application] [tomcat-shutdown] o.s.b.w.e.tomcat.GracefulShutdown        : Graceful shutdown complete
2025-06-08T11:31:47.593+05:30  INFO 25788 --- [Employee_Information_Application] [SpringApplicationShutdownHook] j.LocalContainerEntityManagerFactoryBean : Closing JPA EntityManagerFactory for persistence unit 'default'
2025-06-08T11:31:47.597+05:30  INFO 25788 --- [Employee_Information_Application] [SpringApplicationShutdownHook] com.zaxxer.hikari.HikariDataSource       : HikariPool-1 - Shutdown initiated...
2025-06-08T11:31:47.608+05:30  INFO 25788 --- [Employee_Information_Application] [SpringApplicationShutdownHook] com.zaxxer.hikari.HikariDataSource       : HikariPool-1 - Shutdown completed.
